Arguments: 
  /usr/local/bin/node /usr/local/bin/yarn add codemirror 5.65.12

PATH: 
  /Users/yaojunren/FlutterSDK/flutter/bin:/Library/Java/JavaVirtualMachines/jdk1.8.0_151.jdk/Contents/Home/bin:/Library/Frameworks/Python.framework/Versions/3.10/bin:/usr/local/bin:/System/Cryptexes/App/usr/bin:/usr/bin:/bin:/usr/sbin:/sbin:/usr/local/go/bin:/usr/local/share/dotnet:~/.dotnet/tools:/Library/Apple/usr/bin:/Applications/Wireshark.app/Contents/MacOS:/Users/yaojunren/FlutterSDK/flutter/bin:/Library/Java/JavaVirtualMachines/jdk1.8.0_151.jdk/Contents/Home/bin:/Library/Frameworks/Python.framework/Versions/3.10/bin:/users/yaojunren/go/bin

Yarn version: 
  1.5.1

Node version: 
  16.15.1

Platform: 
  darwin arm64

npm manifest: 
  {
  	"name": "obsidian-modevol-plugin",
  	"version": "1.0.0",
  	"description": "This is a modevol plugin for Obsidian. This plugin for fit modevol style.",
  	"main": "main.js",
  	"scripts": {
  		"dev": "node esbuild.config.mjs",
  		"build": "tsc -noEmit -skipLibCheck && node esbuild.config.mjs production",
  		"version": "node version-bump.mjs && git add manifest.json versions.json"
  	},
  	"keywords": [],
  	"author": "",
  	"license": "MIT",
  	"devDependencies": {
  		"@types/node": "^16.11.6",
  		"@typescript-eslint/eslint-plugin": "5.29.0",
  		"@typescript-eslint/parser": "5.29.0",
  		"builtin-modules": "3.3.0",
  		"esbuild": "0.17.3",
  		"obsidian": "latest",
  		"tslib": "2.4.0",
  		"typescript": "4.7.4"
  	},
  
  	"dependencies": {
  
  	}
  }

yarn manifest: 
  No manifest

Lockfile: 
  # THIS IS AN AUTOGENERATED FILE. DO NOT EDIT THIS FILE DIRECTLY.
  # yarn lockfile v1
  
  
  "@esbuild/android-arm64@0.17.3":
    version "0.17.3"
    resolved "https://registry.npmmirror.com/@esbuild/android-arm64/-/android-arm64-0.17.3.tgz#35d045f69c9b4cf3f8efcd1ced24a560213d3346"
  
  "@esbuild/android-arm@0.17.3":
    version "0.17.3"
    resolved "https://registry.npmmirror.com/@esbuild/android-arm/-/android-arm-0.17.3.tgz#4986d26306a7440078d42b3bf580d186ef714286"
  
  "@esbuild/android-x64@0.17.3":
    version "0.17.3"
    resolved "https://registry.npmmirror.com/@esbuild/android-x64/-/android-x64-0.17.3.tgz#a1928cd681e4055103384103c8bd34df7b9c7b19"
  
  "@esbuild/darwin-arm64@0.17.3":
    version "0.17.3"
    resolved "https://registry.npmmirror.com/@esbuild/darwin-arm64/-/darwin-arm64-0.17.3.tgz#e4af2b392e5606a4808d3a78a99d38c27af39f1d"
  
  "@esbuild/darwin-x64@0.17.3":
    version "0.17.3"
    resolved "https://registry.npmmirror.com/@esbuild/darwin-x64/-/darwin-x64-0.17.3.tgz#cbcbfb32c8d5c86953f215b48384287530c5a38e"
  
  "@esbuild/freebsd-arm64@0.17.3":
    version "0.17.3"
    resolved "https://registry.npmmirror.com/@esbuild/freebsd-arm64/-/freebsd-arm64-0.17.3.tgz#90ec1755abca4c3ffe1ad10819cd9d31deddcb89"
  
  "@esbuild/freebsd-x64@0.17.3":
    version "0.17.3"
    resolved "https://registry.npmmirror.com/@esbuild/freebsd-x64/-/freebsd-x64-0.17.3.tgz#8760eedc466af253c3ed0dfa2940d0e59b8b0895"
  
  "@esbuild/linux-arm64@0.17.3":
    version "0.17.3"
    resolved "https://registry.npmmirror.com/@esbuild/linux-arm64/-/linux-arm64-0.17.3.tgz#13916fc8873115d7d546656e19037267b12d4567"
  
  "@esbuild/linux-arm@0.17.3":
    version "0.17.3"
    resolved "https://registry.npmmirror.com/@esbuild/linux-arm/-/linux-arm-0.17.3.tgz#15f876d127b244635ddc09eaaa65ae97bc472a63"
  
  "@esbuild/linux-ia32@0.17.3":
    version "0.17.3"
    resolved "https://registry.npmmirror.com/@esbuild/linux-ia32/-/linux-ia32-0.17.3.tgz#6691f02555d45b698195c81c9070ab4e521ef005"
  
  "@esbuild/linux-loong64@0.17.3":
    version "0.17.3"
    resolved "https://registry.npmmirror.com/@esbuild/linux-loong64/-/linux-loong64-0.17.3.tgz#f77ef657f222d8b3a8fbd530a09e40976c458d48"
  
  "@esbuild/linux-mips64el@0.17.3":
    version "0.17.3"
    resolved "https://registry.npmmirror.com/@esbuild/linux-mips64el/-/linux-mips64el-0.17.3.tgz#fa38833cfc8bfaadaa12b243257fe6d19d0f6f79"
  
  "@esbuild/linux-ppc64@0.17.3":
    version "0.17.3"
    resolved "https://registry.npmmirror.com/@esbuild/linux-ppc64/-/linux-ppc64-0.17.3.tgz#c157a602b627c90d174743e4b0dfb7630b101dbf"
  
  "@esbuild/linux-riscv64@0.17.3":
    version "0.17.3"
    resolved "https://registry.npmmirror.com/@esbuild/linux-riscv64/-/linux-riscv64-0.17.3.tgz#7bf79614bd544bd932839b1fcff6cf1f8f6bdf1a"
  
  "@esbuild/linux-s390x@0.17.3":
    version "0.17.3"
    resolved "https://registry.npmmirror.com/@esbuild/linux-s390x/-/linux-s390x-0.17.3.tgz#6bb50c5a2613d31ce1137fe5c249ecadbecccdea"
  
  "@esbuild/linux-x64@0.17.3":
    version "0.17.3"
    resolved "https://registry.npmmirror.com/@esbuild/linux-x64/-/linux-x64-0.17.3.tgz#aa140d99f0d9e0af388024823bfe4558d73fbbf9"
  
  "@esbuild/netbsd-x64@0.17.3":
    version "0.17.3"
    resolved "https://registry.npmmirror.com/@esbuild/netbsd-x64/-/netbsd-x64-0.17.3.tgz#b6ae9948b03e4c95dc581c68358fb61d9d12a625"
  
  "@esbuild/openbsd-x64@0.17.3":
    version "0.17.3"
    resolved "https://registry.npmmirror.com/@esbuild/openbsd-x64/-/openbsd-x64-0.17.3.tgz#cda007233e211fc9154324bfa460540cfc469408"
  
  "@esbuild/sunos-x64@0.17.3":
    version "0.17.3"
    resolved "https://registry.npmmirror.com/@esbuild/sunos-x64/-/sunos-x64-0.17.3.tgz#f1385b092000c662d360775f3fad80943d2169c4"
  
  "@esbuild/win32-arm64@0.17.3":
    version "0.17.3"
    resolved "https://registry.npmmirror.com/@esbuild/win32-arm64/-/win32-arm64-0.17.3.tgz#14e9dd9b1b55aa991f80c120fef0c4492d918801"
  
  "@esbuild/win32-ia32@0.17.3":
    version "0.17.3"
    resolved "https://registry.npmmirror.com/@esbuild/win32-ia32/-/win32-ia32-0.17.3.tgz#de584423513d13304a6925e01233499a37a4e075"
  
  "@esbuild/win32-x64@0.17.3":
    version "0.17.3"
    resolved "https://registry.npmmirror.com/@esbuild/win32-x64/-/win32-x64-0.17.3.tgz#2f69ea6b37031b0d1715dd2da832a8ae5eb36e74"
  
  "@nodelib/fs.scandir@2.1.5":
    version "2.1.5"
    resolved "https://registry.npmmirror.com/@nodelib/fs.scandir/-/fs.scandir-2.1.5.tgz#7619c2eb21b25483f6d167548b4cfd5a7488c3d5"
    dependencies:
      "@nodelib/fs.stat" "2.0.5"
      run-parallel "^1.1.9"
  
  "@nodelib/fs.stat@2.0.5", "@nodelib/fs.stat@^2.0.2":
    version "2.0.5"
    resolved "https://registry.npmmirror.com/@nodelib/fs.stat/-/fs.stat-2.0.5.tgz#5bd262af94e9d25bd1e71b05deed44876a222e8b"
  
  "@nodelib/fs.walk@^1.2.3":
    version "1.2.8"
    resolved "https://registry.npmmirror.com/@nodelib/fs.walk/-/fs.walk-1.2.8.tgz#e95737e8bb6746ddedf69c556953494f196fe69a"
    dependencies:
      "@nodelib/fs.scandir" "2.1.5"
      fastq "^1.6.0"
  
  "@types/codemirror@0.0.108":
    version "0.0.108"
    resolved "https://registry.npmmirror.com/@types/codemirror/-/codemirror-0.0.108.tgz#e640422b666bf49251b384c390cdeb2362585bde"
    dependencies:
      "@types/tern" "*"
  
  "@types/estree@*":
    version "1.0.0"
    resolved "https://registry.npmmirror.com/@types/estree/-/estree-1.0.0.tgz#5fb2e536c1ae9bf35366eed879e827fa59ca41c2"
  
  "@types/json-schema@^7.0.9":
    version "7.0.11"
    resolved "https://registry.npmmirror.com/@types/json-schema/-/json-schema-7.0.11.tgz#d421b6c527a3037f7c84433fd2c4229e016863d3"
  
  "@types/node@^16.11.6":
    version "16.18.11"
    resolved "https://registry.npmmirror.com/@types/node/-/node-16.18.11.tgz#cbb15c12ca7c16c85a72b6bdc4d4b01151bb3cae"
  
  "@types/tern@*":
    version "0.23.4"
    resolved "https://registry.npmmirror.com/@types/tern/-/tern-0.23.4.tgz#03926eb13dbeaf3ae0d390caf706b2643a0127fb"
    dependencies:
      "@types/estree" "*"
  
  "@typescript-eslint/eslint-plugin@5.29.0":
    version "5.29.0"
    resolved "https://registry.npmmirror.com/@typescript-eslint/eslint-plugin/-/eslint-plugin-5.29.0.tgz#c67794d2b0fd0b4a47f50266088acdc52a08aab6"
    dependencies:
      "@typescript-eslint/scope-manager" "5.29.0"
      "@typescript-eslint/type-utils" "5.29.0"
      "@typescript-eslint/utils" "5.29.0"
      debug "^4.3.4"
      functional-red-black-tree "^1.0.1"
      ignore "^5.2.0"
      regexpp "^3.2.0"
      semver "^7.3.7"
      tsutils "^3.21.0"
  
  "@typescript-eslint/parser@5.29.0":
    version "5.29.0"
    resolved "https://registry.npmmirror.com/@typescript-eslint/parser/-/parser-5.29.0.tgz#41314b195b34d44ff38220caa55f3f93cfca43cf"
    dependencies:
      "@typescript-eslint/scope-manager" "5.29.0"
      "@typescript-eslint/types" "5.29.0"
      "@typescript-eslint/typescript-estree" "5.29.0"
      debug "^4.3.4"
  
  "@typescript-eslint/scope-manager@5.29.0":
    version "5.29.0"
    resolved "https://registry.npmmirror.com/@typescript-eslint/scope-manager/-/scope-manager-5.29.0.tgz#2a6a32e3416cb133e9af8dcf54bf077a916aeed3"
    dependencies:
      "@typescript-eslint/types" "5.29.0"
      "@typescript-eslint/visitor-keys" "5.29.0"
  
  "@typescript-eslint/type-utils@5.29.0":
    version "5.29.0"
    resolved "https://registry.npmmirror.com/@typescript-eslint/type-utils/-/type-utils-5.29.0.tgz#241918001d164044020b37d26d5b9f4e37cc3d5d"
    dependencies:
      "@typescript-eslint/utils" "5.29.0"
      debug "^4.3.4"
      tsutils "^3.21.0"
  
  "@typescript-eslint/types@5.29.0":
    version "5.29.0"
    resolved "https://registry.npmmirror.com/@typescript-eslint/types/-/types-5.29.0.tgz#7861d3d288c031703b2d97bc113696b4d8c19aab"
  
  "@typescript-eslint/typescript-estree@5.29.0":
    version "5.29.0"
    resolved "https://registry.npmmirror.com/@typescript-eslint/typescript-estree/-/typescript-estree-5.29.0.tgz#e83d19aa7fd2e74616aab2f25dfbe4de4f0b5577"
    dependencies:
      "@typescript-eslint/types" "5.29.0"
      "@typescript-eslint/visitor-keys" "5.29.0"
      debug "^4.3.4"
      globby "^11.1.0"
      is-glob "^4.0.3"
      semver "^7.3.7"
      tsutils "^3.21.0"
  
  "@typescript-eslint/utils@5.29.0":
    version "5.29.0"
    resolved "https://registry.npmmirror.com/@typescript-eslint/utils/-/utils-5.29.0.tgz#775046effd5019667bd086bcf326acbe32cd0082"
    dependencies:
      "@types/json-schema" "^7.0.9"
      "@typescript-eslint/scope-manager" "5.29.0"
      "@typescript-eslint/types" "5.29.0"
      "@typescript-eslint/typescript-estree" "5.29.0"
      eslint-scope "^5.1.1"
      eslint-utils "^3.0.0"
  
  "@typescript-eslint/visitor-keys@5.29.0":
    version "5.29.0"
    resolved "https://registry.npmmirror.com/@typescript-eslint/visitor-keys/-/visitor-keys-5.29.0.tgz#7a4749fa7ef5160c44a451bf060ac1dc6dfb77ee"
    dependencies:
      "@typescript-eslint/types" "5.29.0"
      eslint-visitor-keys "^3.3.0"
  
  array-union@^2.1.0:
    version "2.1.0"
    resolved "https://registry.npmmirror.com/array-union/-/array-union-2.1.0.tgz#b798420adbeb1de828d84acd8a2e23d3efe85e8d"
  
  braces@^3.0.2:
    version "3.0.2"
    resolved "https://registry.npmmirror.com/braces/-/braces-3.0.2.tgz#3454e1a462ee8d599e236df336cd9ea4f8afe107"
    dependencies:
      fill-range "^7.0.1"
  
  builtin-modules@3.3.0:
    version "3.3.0"
    resolved "https://registry.npmmirror.com/builtin-modules/-/builtin-modules-3.3.0.tgz#cae62812b89801e9656336e46223e030386be7b6"
  
  debug@^4.3.4:
    version "4.3.4"
    resolved "https://registry.npmmirror.com/debug/-/debug-4.3.4.tgz#1319f6579357f2338d3337d2cdd4914bb5dcc865"
    dependencies:
      ms "2.1.2"
  
  dir-glob@^3.0.1:
    version "3.0.1"
    resolved "https://registry.npmmirror.com/dir-glob/-/dir-glob-3.0.1.tgz#56dbf73d992a4a93ba1584f4534063fd2e41717f"
    dependencies:
      path-type "^4.0.0"
  
  esbuild@0.17.3:
    version "0.17.3"
    resolved "https://registry.npmmirror.com/esbuild/-/esbuild-0.17.3.tgz#d9aa02a3bc441ed35f9569cd9505812ae3fcae61"
    optionalDependencies:
      "@esbuild/android-arm" "0.17.3"
      "@esbuild/android-arm64" "0.17.3"
      "@esbuild/android-x64" "0.17.3"
      "@esbuild/darwin-arm64" "0.17.3"
      "@esbuild/darwin-x64" "0.17.3"
      "@esbuild/freebsd-arm64" "0.17.3"
      "@esbuild/freebsd-x64" "0.17.3"
      "@esbuild/linux-arm" "0.17.3"
      "@esbuild/linux-arm64" "0.17.3"
      "@esbuild/linux-ia32" "0.17.3"
      "@esbuild/linux-loong64" "0.17.3"
      "@esbuild/linux-mips64el" "0.17.3"
      "@esbuild/linux-ppc64" "0.17.3"
      "@esbuild/linux-riscv64" "0.17.3"
      "@esbuild/linux-s390x" "0.17.3"
      "@esbuild/linux-x64" "0.17.3"
      "@esbuild/netbsd-x64" "0.17.3"
      "@esbuild/openbsd-x64" "0.17.3"
      "@esbuild/sunos-x64" "0.17.3"
      "@esbuild/win32-arm64" "0.17.3"
      "@esbuild/win32-ia32" "0.17.3"
      "@esbuild/win32-x64" "0.17.3"
  
  eslint-scope@^5.1.1:
    version "5.1.1"
    resolved "https://registry.npmmirror.com/eslint-scope/-/eslint-scope-5.1.1.tgz#e786e59a66cb92b3f6c1fb0d508aab174848f48c"
    dependencies:
      esrecurse "^4.3.0"
      estraverse "^4.1.1"
  
  eslint-utils@^3.0.0:
    version "3.0.0"
    resolved "https://registry.npmmirror.com/eslint-utils/-/eslint-utils-3.0.0.tgz#8aebaface7345bb33559db0a1f13a1d2d48c3672"
    dependencies:
      eslint-visitor-keys "^2.0.0"
  
  eslint-visitor-keys@^2.0.0:
    version "2.1.0"
    resolved "https://registry.npmmirror.com/eslint-visitor-keys/-/eslint-visitor-keys-2.1.0.tgz#f65328259305927392c938ed44eb0a5c9b2bd303"
  
  eslint-visitor-keys@^3.3.0:
    version "3.3.0"
    resolved "https://registry.npmmirror.com/eslint-visitor-keys/-/eslint-visitor-keys-3.3.0.tgz#f6480fa6b1f30efe2d1968aa8ac745b862469826"
  
  esrecurse@^4.3.0:
    version "4.3.0"
    resolved "https://registry.npmmirror.com/esrecurse/-/esrecurse-4.3.0.tgz#7ad7964d679abb28bee72cec63758b1c5d2c9921"
    dependencies:
      estraverse "^5.2.0"
  
  estraverse@^4.1.1:
    version "4.3.0"
    resolved "https://registry.npmmirror.com/estraverse/-/estraverse-4.3.0.tgz#398ad3f3c5a24948be7725e83d11a7de28cdbd1d"
  
  estraverse@^5.2.0:
    version "5.3.0"
    resolved "https://registry.npmmirror.com/estraverse/-/estraverse-5.3.0.tgz#2eea5290702f26ab8fe5370370ff86c965d21123"
  
  fast-glob@^3.2.9:
    version "3.2.12"
    resolved "https://registry.npmmirror.com/fast-glob/-/fast-glob-3.2.12.tgz#7f39ec99c2e6ab030337142da9e0c18f37afae80"
    dependencies:
      "@nodelib/fs.stat" "^2.0.2"
      "@nodelib/fs.walk" "^1.2.3"
      glob-parent "^5.1.2"
      merge2 "^1.3.0"
      micromatch "^4.0.4"
  
  fastq@^1.6.0:
    version "1.15.0"
    resolved "https://registry.npmmirror.com/fastq/-/fastq-1.15.0.tgz#d04d07c6a2a68fe4599fea8d2e103a937fae6b3a"
    dependencies:
      reusify "^1.0.4"
  
  fill-range@^7.0.1:
    version "7.0.1"
    resolved "https://registry.npmmirror.com/fill-range/-/fill-range-7.0.1.tgz#1919a6a7c75fe38b2c7c77e5198535da9acdda40"
    dependencies:
      to-regex-range "^5.0.1"
  
  functional-red-black-tree@^1.0.1:
    version "1.0.1"
    resolved "https://registry.npmmirror.com/functional-red-black-tree/-/functional-red-black-tree-1.0.1.tgz#1b0ab3bd553b2a0d6399d29c0e3ea0b252078327"
  
  glob-parent@^5.1.2:
    version "5.1.2"
    resolved "https://registry.npmmirror.com/glob-parent/-/glob-parent-5.1.2.tgz#869832c58034fe68a4093c17dc15e8340d8401c4"
    dependencies:
      is-glob "^4.0.1"
  
  globby@^11.1.0:
    version "11.1.0"
    resolved "https://registry.npmmirror.com/globby/-/globby-11.1.0.tgz#bd4be98bb042f83d796f7e3811991fbe82a0d34b"
    dependencies:
      array-union "^2.1.0"
      dir-glob "^3.0.1"
      fast-glob "^3.2.9"
      ignore "^5.2.0"
      merge2 "^1.4.1"
      slash "^3.0.0"
  
  ignore@^5.2.0:
    version "5.2.4"
    resolved "https://registry.npmmirror.com/ignore/-/ignore-5.2.4.tgz#a291c0c6178ff1b960befe47fcdec301674a6324"
  
  is-extglob@^2.1.1:
    version "2.1.1"
    resolved "https://registry.npmmirror.com/is-extglob/-/is-extglob-2.1.1.tgz#a88c02535791f02ed37c76a1b9ea9773c833f8c2"
  
  is-glob@^4.0.1, is-glob@^4.0.3:
    version "4.0.3"
    resolved "https://registry.npmmirror.com/is-glob/-/is-glob-4.0.3.tgz#64f61e42cbbb2eec2071a9dac0b28ba1e65d5084"
    dependencies:
      is-extglob "^2.1.1"
  
  is-number@^7.0.0:
    version "7.0.0"
    resolved "https://registry.npmmirror.com/is-number/-/is-number-7.0.0.tgz#7535345b896734d5f80c4d06c50955527a14f12b"
  
  lru-cache@^6.0.0:
    version "6.0.0"
    resolved "https://registry.npmmirror.com/lru-cache/-/lru-cache-6.0.0.tgz#6d6fe6570ebd96aaf90fcad1dafa3b2566db3a94"
    dependencies:
      yallist "^4.0.0"
  
  merge2@^1.3.0, merge2@^1.4.1:
    version "1.4.1"
    resolved "https://registry.npmmirror.com/merge2/-/merge2-1.4.1.tgz#4368892f885e907455a6fd7dc55c0c9d404990ae"
  
  micromatch@^4.0.4:
    version "4.0.5"
    resolved "https://registry.npmmirror.com/micromatch/-/micromatch-4.0.5.tgz#bc8999a7cbbf77cdc89f132f6e467051b49090c6"
    dependencies:
      braces "^3.0.2"
      picomatch "^2.3.1"
  
  moment@2.29.4:
    version "2.29.4"
    resolved "https://registry.npmmirror.com/moment/-/moment-2.29.4.tgz#3dbe052889fe7c1b2ed966fcb3a77328964ef108"
  
  ms@2.1.2:
    version "2.1.2"
    resolved "https://registry.npmmirror.com/ms/-/ms-2.1.2.tgz#d09d1f357b443f493382a8eb3ccd183872ae6009"
  
  obsidian@latest:
    version "1.1.1"
    resolved "https://registry.npmmirror.com/obsidian/-/obsidian-1.1.1.tgz#7cce6f19a6dd1cc5ec7e9f7dff8ea3ceacf2e2c3"
    dependencies:
      "@types/codemirror" "0.0.108"
      moment "2.29.4"
  
  path-type@^4.0.0:
    version "4.0.0"
    resolved "https://registry.npmmirror.com/path-type/-/path-type-4.0.0.tgz#84ed01c0a7ba380afe09d90a8c180dcd9d03043b"
  
  picomatch@^2.3.1:
    version "2.3.1"
    resolved "https://registry.npmmirror.com/picomatch/-/picomatch-2.3.1.tgz#3ba3833733646d9d3e4995946c1365a67fb07a42"
  
  queue-microtask@^1.2.2:
    version "1.2.3"
    resolved "https://registry.npmmirror.com/queue-microtask/-/queue-microtask-1.2.3.tgz#4929228bbc724dfac43e0efb058caf7b6cfb6243"
  
  regexpp@^3.2.0:
    version "3.2.0"
    resolved "https://registry.npmmirror.com/regexpp/-/regexpp-3.2.0.tgz#0425a2768d8f23bad70ca4b90461fa2f1213e1b2"
  
  reusify@^1.0.4:
    version "1.0.4"
    resolved "https://registry.npmmirror.com/reusify/-/reusify-1.0.4.tgz#90da382b1e126efc02146e90845a88db12925d76"
  
  run-parallel@^1.1.9:
    version "1.2.0"
    resolved "https://registry.npmmirror.com/run-parallel/-/run-parallel-1.2.0.tgz#66d1368da7bdf921eb9d95bd1a9229e7f21a43ee"
    dependencies:
      queue-microtask "^1.2.2"
  
  semver@^7.3.7:
    version "7.3.8"
    resolved "https://registry.npmmirror.com/semver/-/semver-7.3.8.tgz#07a78feafb3f7b32347d725e33de7e2a2df67798"
    dependencies:
      lru-cache "^6.0.0"
  
  slash@^3.0.0:
    version "3.0.0"
    resolved "https://registry.npmmirror.com/slash/-/slash-3.0.0.tgz#6539be870c165adbd5240220dbe361f1bc4d4634"
  
  to-regex-range@^5.0.1:
    version "5.0.1"
    resolved "https://registry.npmmirror.com/to-regex-range/-/to-regex-range-5.0.1.tgz#1648c44aae7c8d988a326018ed72f5b4dd0392e4"
    dependencies:
      is-number "^7.0.0"
  
  tslib@2.4.0:
    version "2.4.0"
    resolved "https://registry.npmmirror.com/tslib/-/tslib-2.4.0.tgz#7cecaa7f073ce680a05847aa77be941098f36dc3"
  
  tslib@^1.8.1:
    version "1.14.1"
    resolved "https://registry.npmmirror.com/tslib/-/tslib-1.14.1.tgz#cf2d38bdc34a134bcaf1091c41f6619e2f672d00"
  
  tsutils@^3.21.0:
    version "3.21.0"
    resolved "https://registry.npmmirror.com/tsutils/-/tsutils-3.21.0.tgz#b48717d394cea6c1e096983eed58e9d61715b623"
    dependencies:
      tslib "^1.8.1"
  
  typescript@4.7.4:
    version "4.7.4"
    resolved "https://registry.npmmirror.com/typescript/-/typescript-4.7.4.tgz#1a88596d1cf47d59507a1bcdfb5b9dfe4d488235"
  
  yallist@^4.0.0:
    version "4.0.0"
    resolved "https://registry.npmmirror.com/yallist/-/yallist-4.0.0.tgz#9bb92790d9c0effec63be73519e11a35019a3a72"

Trace: 
  Error: https://registry.npmmirror.com/5.65.12: Not found
      at Request.params.callback [as _callback] (/usr/local/lib/node_modules/yarn/lib/cli.js:65019:18)
      at Request.self.callback (/usr/local/lib/node_modules/yarn/lib/cli.js:132430:22)
      at Request.emit (node:events:527:28)
      at Request.<anonymous> (/usr/local/lib/node_modules/yarn/lib/cli.js:133413:10)
      at Request.emit (node:events:527:28)
      at IncomingMessage.<anonymous> (/usr/local/lib/node_modules/yarn/lib/cli.js:133333:12)
      at Object.onceWrapper (node:events:641:28)
      at IncomingMessage.emit (node:events:539:35)
      at endReadableNT (node:internal/streams/readable:1345:12)
      at processTicksAndRejections (node:internal/process/task_queues:83:21)
